[12:34:14] [ServerMain/INFO]: Environment: authHost='https://authserver.mojang.com', accountsHost='https://api.mojang.com', sessionHost='https://sessionserver.mojang.com', servicesHost='https://api.minecraftservices.com', name='PROD'
[12:34:15] [ServerMain/INFO]: Loaded 7 recipes
[12:34:16] [Server thread/INFO]: Starting minecraft server version 1.19.4
[12:34:16] [Server thread/WARN]: ****************************
[12:34:16] [Server thread/WARN]: YOU ARE RUNNING THIS SERVER AS AN ADMINISTRATIVE OR ROOT USER. THIS IS NOT ADVISED.
[12:34:16] [Server thread/WARN]: YOU ARE OPENING YOURSELF UP TO POTENTIAL RISKS WHEN DOING THIS.
[12:34:16] [Server thread/WARN]: FOR MORE INFORMATION, SEE https://madelinemiller.dev/blog/root-minecraft-server/
[12:34:16] [Server thread/WARN]: ****************************
[12:34:16] [Server thread/INFO]: Loading properties
[12:34:16] [Server thread/INFO]: This server is running Paper version git-Paper-550 (MC: 1.19.4) (Implementing API version 1.19.4-R0.1-SNAPSHOT) (Git: 483368e on ver/1.19.4)
[12:34:16] [Server thread/INFO]: Server Ping Player Sample Count: 12
[12:34:16] [Server thread/INFO]: Using 4 threads for Netty based IO
[12:34:16] [Server thread/WARN]: [!] The timings profiler has been enabled but has been scheduled for removal from Paper in the future.
    We recommend installing the spark profiler as a replacement: https://spark.lucko.me/
    For more information please visit: https://github.com/PaperMC/Paper/issues/8948
[12:34:16] [Server thread/INFO]: [ChunkTaskScheduler] Chunk system is using 1 I/O threads, 3 worker threads, and gen parallelism of 3 threads
[12:34:16] [Server thread/INFO]: Default game type: SURVIVAL
[12:34:16] [Server thread/INFO]: Generating keypair
[12:34:17] [Server thread/INFO]: Starting Minecraft server on *:25565
[12:34:17] [Server thread/INFO]: Using default channel type
[12:34:17] [Server thread/INFO]: Paper: Using Java compression from Velocity.
[12:34:17] [Server thread/INFO]: Paper: Using Java cipher from Velocity.
[12:34:17] [Server thread/INFO]: Server permissions file permissions.yml is empty, ignoring it
[12:34:17] [Server thread/WARN]: **** SERVER IS RUNNING IN OFFLINE/INSECURE MODE!
[12:34:17] [Server thread/WARN]: The server will make no attempt to authenticate usernames. Beware.
[12:34:17] [Server thread/WARN]: While this makes the game possible to play without internet access, it also opens up the ability for hackers to connect with any username they choose.
[12:34:17] [Server thread/WARN]: To change this, set "online-mode" to "true" in the server.properties file.
[12:34:17] [Server thread/INFO]: Preparing level "world"
[12:34:17] [Server thread/INFO]: Preparing start region for dimension minecraft:overworld
[12:34:17] [Server thread/INFO]: Time elapsed: 135 ms
[12:34:17] [Server thread/INFO]: Preparing start region for dimension minecraft:the_nether
[12:34:17] [Server thread/INFO]: Time elapsed: 41 ms
[12:34:17] [Server thread/INFO]: Preparing start region for dimension minecraft:the_end
[12:34:17] [Server thread/INFO]: Time elapsed: 38 ms
[12:34:17] [Server thread/INFO]: Running delayed init tasks
[12:34:17] [Server thread/INFO]: Done (1.479s)! For help, type "help"
[12:34:17] [Server thread/INFO]: Timings Reset
[12:34:25] [User Authenticator #0/INFO]: UUID of player DanteTemplar is 0c26a85c-07c2-34a1-ae82-ccd3abe0b536
[12:34:25] [Server thread/INFO]: DanteTemplar joined the game
[12:34:25] [Server thread/INFO]: DanteTemplar[/127.0.0.1:15463] logged in with entity id 268 at ([world]6.5, 79.0, -4.5)
[12:35:08] [Server thread/INFO]: DanteTemplar lost connection: Disconnected
[12:35:08] [Server thread/INFO]: DanteTemplar left the game
[12:35:10] [Server thread/INFO]: Stopping server
[12:35:10] [Server thread/INFO]: Saving players
[12:35:11] [Server thread/INFO]: Saving worlds
[12:35:11] [Server thread/INFO]: Saving chunks for level 'ServerLevel[world]'/minecraft:overworld
[12:35:11] [Server thread/INFO]: [ChunkHolderManager] Waiting 60s for chunk system to halt for world 'world'
[12:35:11] [Server thread/INFO]: [ChunkHolderManager] Halted chunk system for world 'world'
[12:35:11] [Server thread/INFO]: [ChunkHolderManager] Saving all chunkholders for world 'world'
[12:35:12] [Server thread/INFO]: [ChunkHolderManager] Saved 2209 block chunks, 650 entity chunks, 0 poi chunks in world 'world' in 1,63s
[12:35:12] [Server thread/INFO]: ThreadedAnvilChunkStorage (world): All chunks are saved
[12:35:12] [Server thread/INFO]: Saving chunks for level 'ServerLevel[world_nether]'/minecraft:the_nether
[12:35:12] [Server thread/INFO]: [ChunkHolderManager] Waiting 60s for chunk system to halt for world 'world_nether'
[12:35:12] [Server thread/INFO]: [ChunkHolderManager] Halted chunk system for world 'world_nether'
[12:35:12] [Server thread/INFO]: [ChunkHolderManager] Saving all chunkholders for world 'world_nether'
[12:35:13] [Server thread/INFO]: [ChunkHolderManager] Saved 529 block chunks, 529 entity chunks, 0 poi chunks in world 'world_nether' in 0,54s
[12:35:13] [Server thread/INFO]: ThreadedAnvilChunkStorage (DIM-1): All chunks are saved
[12:35:13] [Server thread/INFO]: Saving chunks for level 'ServerLevel[world_the_end]'/minecraft:the_end
[12:35:13] [Server thread/INFO]: [ChunkHolderManager] Waiting 60s for chunk system to halt for world 'world_the_end'
[12:35:13] [Server thread/INFO]: [ChunkHolderManager] Halted chunk system for world 'world_the_end'
[12:35:13] [Server thread/INFO]: [ChunkHolderManager] Saving all chunkholders for world 'world_the_end'
[12:35:13] [Server thread/INFO]: [ChunkHolderManager] Saved 529 block chunks, 529 entity chunks, 0 poi chunks in world 'world_the_end' in 0,17s
[12:35:13] [Server thread/INFO]: ThreadedAnvilChunkStorage (DIM1): All chunks are saved
[12:35:13] [Server thread/INFO]: ThreadedAnvilChunkStorage: All dimensions are saved
[12:35:13] [Server thread/INFO]: Flushing Chunk IO
[12:35:13] [Server thread/INFO]: Closing Thread Pool
[12:35:13] [Server thread/INFO]: Closing Server
